[2017-05-04 20:15:08.761] [INFO] console -  Fork 4 worker(s) from master
[2017-05-04 20:15:08.900] [INFO] console - worker is running on 12833 pid
[2017-05-04 20:15:08.906] [INFO] console - worker is running on 12835 pid
[2017-05-04 20:15:08.915] [INFO] console - worker is running on 12834 pid
[2017-05-04 20:15:08.916] [INFO] console - worker is running on 12836 pid
[2017-05-04 20:15:09.445] [INFO] console -  Fork 4 worker(s) from master
[2017-05-04 20:15:09.627] [INFO] console - worker is running on 12864 pid
[2017-05-04 20:15:09.631] [INFO] console - worker is running on 12865 pid
[2017-05-04 20:15:09.668] [INFO] console - worker is running on 12863 pid
[2017-05-04 20:15:09.669] [INFO] console - worker is running on 12866 pid
[2017-05-04 20:15:13.797] [INFO] console - worker (13017) is running
[2017-05-04 20:15:13.730] [INFO] console - worker (13018) is running
[2017-05-04 20:15:15.315] [INFO] console - worker (13068) is running
[2017-05-04 20:15:17.488] [INFO] console -  Fork 4 worker(s) from master
[2017-05-04 20:15:17.686] [INFO] console - worker is running on 13142 pid
[2017-05-04 20:15:17.689] [INFO] console - worker is running on 13143 pid
[2017-05-04 20:15:17.689] [INFO] console - worker is running on 13144 pid
[2017-05-04 20:15:19.143] [INFO] console -  Fork 4 worker(s) from master
[2017-05-04 20:15:19.293] [INFO] console - worker is running on 13163 pid
[2017-05-04 20:15:19.365] [INFO] console - worker is running on 13165 pid
[2017-05-04 20:15:19.388] [INFO] console - worker is running on 13162 pid
[2017-05-04 20:15:19.393] [INFO] console - worker is running on 13164 pid
[2017-05-04 20:15:18.107] [INFO] console - worker (13146) is running
[2017-05-04 20:15:18.678] [INFO] console - worker (13154) is running
[2017-05-04 20:15:21.619] [INFO] console -  Fork 4 worker(s) from master
[2017-05-04 20:15:21.778] [INFO] console - worker is running on 13198 pid
[2017-05-04 20:15:21.779] [INFO] console - worker is running on 13199 pid
[2017-05-04 20:15:21.779] [INFO] console - worker is running on 13200 pid
[2017-05-04 20:15:21.096] [INFO] console - worker (13188) is running
[2017-05-04 20:15:24.002] [INFO] console -  Fork 4 worker(s) from master
[2017-05-04 20:15:24.172] [INFO] console - worker is running on 13224 pid
[2017-05-04 20:15:24.183] [INFO] console - worker is running on 13225 pid
[2017-05-04 20:15:24.184] [INFO] console - worker is running on 13226 pid
[2017-05-04 20:15:23.116] [INFO] console - worker (13212) is running
[2017-05-04 20:15:26.043] [INFO] console -  Fork 4 worker(s) from master
[2017-05-04 20:15:26.252] [INFO] console - worker is running on 13257 pid
[2017-05-04 20:15:26.258] [INFO] console - worker is running on 13258 pid
[2017-05-04 20:15:26.299] [INFO] console - worker is running on 13260 pid
[2017-05-04 20:15:26.301] [INFO] console - worker is running on 13259 pid
[2017-05-04 20:15:26.895] [INFO] console -  Fork 4 worker(s) from master
[2017-05-04 20:15:27.654] [INFO] console -  Fork 4 worker(s) from master
[2017-05-04 20:15:28.863] [INFO] console -  Fork 4 worker(s) from master
[2017-05-04 20:15:29.591] [INFO] console -  Fork 4 worker(s) from master
[2017-05-04 20:15:29.737] [INFO] console - worker is running on 13333 pid
[2017-05-04 20:15:29.742] [INFO] console - worker is running on 13334 pid
[2017-05-04 20:15:29.743] [INFO] console - worker is running on 13335 pid
[2017-05-04 20:15:27.622] [INFO] console - worker (13282) is running
[2017-05-04 20:15:29.799] [INFO] console - worker is running on 13336 pid
[2017-05-04 20:15:36.853] [INFO] console -  Fork 4 worker(s) from master
[2017-05-04 20:15:35.112] [INFO] console - worker (13405) is running
[2017-05-04 20:15:35.217] [INFO] console - worker (13407) is running
[2017-05-04 20:15:38.518] [INFO] console - worker (13482) is running
[2017-05-04 20:15:38.518] [INFO] console - worker (13483) is running
[2017-05-04 20:15:39.702] [INFO] console - worker (13502) is running
[2017-05-04 20:15:42.887] [INFO] console -  Fork 4 worker(s) from master
[2017-05-04 20:15:42.368] [INFO] console - worker (13532) is running
[2017-05-04 20:15:44.673] [INFO] console -  Fork 4 worker(s) from master
[2017-05-04 20:15:45.397] [INFO] console - worker (13584) is running
[2017-05-04 20:15:45.442] [INFO] console - worker (13583) is running
[2017-05-04 20:15:45.471] [INFO] console - worker (13582) is running
[2017-05-04 20:15:47.431] [INFO] console - worker (13605) is running
[2017-05-04 20:15:47.466] [INFO] console - worker (13606) is running
[2017-05-04 20:15:51.632] [INFO] console -  Fork 4 worker(s) from master
[2017-05-04 20:15:50.107] [INFO] console - worker (13628) is running
[2017-05-04 20:15:50.219] [INFO] console - worker (13631) is running
[2017-05-04 20:16:05.519] [INFO] console -  Fork 4 worker(s) from master
[2017-05-04 20:16:05.693] [INFO] console - worker is running on 13669 pid
[2017-05-04 20:16:05.694] [INFO] console - worker is running on 13670 pid
[2017-05-04 20:16:05.695] [INFO] console - worker is running on 13671 pid
[2017-05-04 20:16:05.745] [INFO] console - worker is running on 13672 pid
[2017-05-04 20:16:05.907] [INFO] console - worker (13670) is running
[2017-05-04 20:16:07.314] [INFO] console - Running app as a module
[2017-05-04 20:16:07.334] [INFO] server - 服务器端口：3002
[2017-05-04 20:16:05.925] [INFO] console - worker (13671) is running
[2017-05-04 20:16:07.338] [INFO] console - Running app as a module
[2017-05-04 20:16:07.349] [INFO] server - 服务器端口：3002
[2017-05-04 20:16:05.905] [INFO] console - worker (13669) is running
[2017-05-04 20:16:07.336] [INFO] console - Running app as a module
[2017-05-04 20:16:07.373] [INFO] server - 服务器端口：3002
[2017-05-04 20:16:05.979] [INFO] console - worker (13672) is running
[2017-05-04 20:16:07.489] [INFO] console - Running app as a module
[2017-05-04 20:16:07.501] [INFO] server - 服务器端口：3002
[2017-05-04 20:16:07.993] [INFO] MongoseIniter - MongoDB open
[2017-05-04 20:16:08.050] [INFO] MongoseIniter - MongoDB open
[2017-05-04 20:16:08.189] [INFO] MongoseIniter - MongoDB open
[2017-05-04 20:16:10.152] [INFO] MongoseIniter - MongoDB open
[2017-05-04 22:21:19.078] [INFO] console -  Fork 4 worker(s) from master
[2017-05-04 22:21:19.342] [INFO] console - worker is running on 15605 pid
[2017-05-04 22:21:19.343] [INFO] console - worker is running on 15606 pid
[2017-05-04 22:21:19.344] [INFO] console - worker is running on 15607 pid
[2017-05-04 22:21:19.810] [INFO] console -  Fork 4 worker(s) from master
[2017-05-04 22:21:19.930] [INFO] console - worker is running on 15633 pid
[2017-05-04 22:21:19.939] [INFO] console - worker is running on 15632 pid
[2017-05-04 22:21:19.940] [INFO] console - worker is running on 15634 pid
[2017-05-04 22:21:19.974] [INFO] console - worker is running on 15635 pid
[2017-05-04 22:21:20.464] [INFO] console -  Fork 4 worker(s) from master
[2017-05-04 22:21:20.576] [INFO] console - worker is running on 15658 pid
[2017-05-04 22:21:20.584] [INFO] console - worker is running on 15660 pid
[2017-05-04 22:21:20.607] [INFO] console - worker is running on 15659 pid
[2017-05-04 22:21:20.619] [INFO] console - worker is running on 15661 pid
[2017-05-04 22:21:23.231] [INFO] console - worker (15749) is running
[2017-05-04 22:21:23.760] [INFO] console - worker (15769) is running
[2017-05-04 22:21:23.756] [INFO] console - worker (15768) is running
[2017-05-04 22:21:26.707] [INFO] console - worker (15849) is running
[2017-05-04 22:21:26.691] [INFO] console - worker (15851) is running
[2017-05-04 22:21:26.720] [INFO] console - worker (15850) is running
[2017-05-04 22:21:28.605] [INFO] console - worker (15861) is running
[2017-05-04 22:21:28.654] [INFO] console - worker (15860) is running
[2017-05-04 22:21:32.031] [INFO] console - worker (15882) is running
[2017-05-04 22:21:33.384] [INFO] console - worker (15889) is running
[2017-05-04 22:21:35.557] [INFO] console -  Fork 4 worker(s) from master
[2017-05-04 22:21:35.686] [INFO] console - worker is running on 15902 pid
[2017-05-04 22:21:35.691] [INFO] console - worker is running on 15904 pid
[2017-05-04 22:21:35.697] [INFO] console - worker is running on 15903 pid
[2017-05-04 22:21:35.731] [INFO] console - worker is running on 15905 pid
[2017-05-04 22:21:34.648] [INFO] console - worker (15896) is running
[2017-05-04 22:21:36.362] [INFO] console -  Fork 4 worker(s) from master
[2017-05-04 22:21:36.848] [INFO] console -  Fork 4 worker(s) from master
[2017-05-04 22:21:37.381] [INFO] console - worker (15930) is running
[2017-05-04 22:21:39.959] [INFO] console -  Fork 4 worker(s) from master
[2017-05-04 22:21:38.755] [INFO] console - worker (15940) is running
[2017-05-04 22:21:38.783] [INFO] console - worker (15939) is running
[2017-05-04 22:21:39.883] [INFO] console - worker (15949) is running
[2017-05-04 22:21:39.909] [INFO] console - worker (15947) is running
[2017-05-04 22:21:41.484] [INFO] console -  Fork 4 worker(s) from master
[2017-05-04 22:21:43.555] [INFO] console -  Fork 4 worker(s) from master
[2017-05-04 22:21:43.817] [INFO] console - worker is running on 15990 pid
[2017-05-04 22:21:43.818] [INFO] console - worker is running on 15987 pid
[2017-05-04 22:21:43.819] [INFO] console - worker is running on 15988 pid
[2017-05-04 22:21:43.821] [INFO] console - worker is running on 15989 pid
[2017-05-04 22:21:44.419] [INFO] console -  Fork 4 worker(s) from master
[2017-05-04 22:21:42.763] [INFO] console - worker (15978) is running
[2017-05-04 22:21:42.799] [INFO] console - worker (15980) is running
[2017-05-04 22:21:42.803] [INFO] console - worker (15979) is running
[2017-05-04 22:21:42.811] [INFO] console - worker (15981) is running
[2017-05-04 22:21:46.202] [INFO] console - worker (16013) is running
[2017-05-04 22:21:48.187] [INFO] console -  Fork 4 worker(s) from master
[2017-05-04 22:21:48.326] [INFO] console - worker is running on 16027 pid
[2017-05-04 22:21:48.380] [INFO] console - worker is running on 16028 pid
[2017-05-04 22:21:47.155] [INFO] console - worker (16019) is running
[2017-05-04 22:21:47.136] [INFO] console - worker (16018) is running
[2017-05-04 22:21:49.974] [INFO] console - worker (16043) is running
[2017-05-04 22:21:49.921] [INFO] console - worker (16042) is running
[2017-05-04 22:21:51.137] [INFO] console - worker (16057) is running
[2017-05-04 22:21:53.689] [INFO] console -  Fork 4 worker(s) from master
[2017-05-04 22:21:53.839] [INFO] console - worker is running on 16078 pid
[2017-05-04 22:21:53.849] [INFO] console - worker is running on 16080 pid
[2017-05-04 22:21:53.855] [INFO] console - worker is running on 16079 pid
[2017-05-04 22:21:53.859] [INFO] console - worker is running on 16081 pid
[2017-05-04 22:21:54.850] [INFO] console -  Fork 4 worker(s) from master
[2017-05-04 22:21:55.014] [INFO] console - worker is running on 16092 pid
[2017-05-04 22:21:55.016] [INFO] console - worker is running on 16090 pid
[2017-05-04 22:21:55.017] [INFO] console - worker is running on 16091 pid
[2017-05-04 22:21:55.036] [INFO] console - worker is running on 16093 pid
[2017-05-04 22:21:53.699] [INFO] console - worker (16075) is running
[2017-05-04 22:21:53.945] [INFO] console - worker (16076) is running
[2017-05-04 22:21:56.636] [INFO] console - worker (16107) is running
[2017-05-04 22:21:56.609] [INFO] console - worker (16105) is running
[2017-05-04 22:21:56.652] [INFO] console - worker (16106) is running
[2017-05-04 22:21:58.780] [INFO] console -  Fork 4 worker(s) from master
[2017-05-04 22:21:59.260] [INFO] console - worker (16125) is running
[2017-05-04 22:21:59.279] [INFO] console - worker (16123) is running
[2017-05-04 22:21:59.292] [INFO] console - worker (16124) is running
[2017-05-04 22:22:01.376] [INFO] console -  Fork 4 worker(s) from master
[2017-05-04 22:22:02.570] [INFO] console -  Fork 4 worker(s) from master
[2017-05-04 22:22:02.770] [INFO] console - worker is running on 16151 pid
[2017-05-04 22:22:01.834] [INFO] console - worker (16144) is running
[2017-05-04 22:22:01.959] [INFO] console - worker (16141) is running
[2017-05-04 22:22:01.958] [INFO] console - worker (16142) is running
[2017-05-04 22:22:04.159] [INFO] console -  Fork 4 worker(s) from master
[2017-05-04 22:22:04.280] [INFO] console - worker is running on 16164 pid
[2017-05-04 22:22:04.299] [INFO] console - worker is running on 16167 pid
[2017-05-04 22:22:04.307] [INFO] console - worker is running on 16166 pid
[2017-05-04 22:22:04.308] [INFO] console - worker is running on 16165 pid
[2017-05-04 22:22:05.212] [INFO] console - worker (16175) is running
[2017-05-04 22:22:05.296] [INFO] console - worker (16176) is running
[2017-05-04 22:22:07.861] [INFO] console - worker (16192) is running
[2017-05-04 22:22:07.885] [INFO] console - worker (16193) is running
[2017-05-04 22:22:07.881] [INFO] console - worker (16194) is running
[2017-05-04 22:22:10.424] [INFO] console - worker (16206) is running
[2017-05-04 22:22:11.320] [INFO] console - worker (16211) is running
[2017-05-04 22:22:11.954] [INFO] console - worker (16215) is running
[2017-05-04 22:22:14.356] [INFO] console - worker (16237) is running
[2017-05-04 22:22:14.378] [INFO] console - worker (16238) is running
[2017-05-04 22:22:14.424] [INFO] console - worker (16239) is running
[2017-05-04 22:22:16.398] [INFO] console -  Fork 4 worker(s) from master
[2017-05-04 22:22:17.429] [INFO] console -  Fork 4 worker(s) from master
[2017-05-04 22:22:17.566] [INFO] console - worker is running on 16260 pid
[2017-05-04 22:22:17.579] [INFO] console - worker is running on 16261 pid
[2017-05-04 22:22:17.582] [INFO] console - worker is running on 16262 pid
[2017-05-04 22:22:17.676] [INFO] console - worker is running on 16263 pid
[2017-05-04 22:22:16.838] [INFO] console - worker (16253) is running
[2017-05-04 22:22:16.839] [INFO] console - worker (16254) is running
[2017-05-04 22:22:16.814] [INFO] console - worker (16255) is running
[2017-05-04 22:22:19.439] [INFO] console - worker (16279) is running
[2017-05-04 22:22:19.408] [INFO] console - worker (16277) is running
[2017-05-04 22:22:19.407] [INFO] console - worker (16278) is running
[2017-05-04 22:22:22.147] [INFO] console - worker (16296) is running
[2017-05-04 22:22:22.168] [INFO] console - worker (16294) is running
[2017-05-04 22:22:22.201] [INFO] console - worker (16297) is running
[2017-05-04 22:22:22.129] [INFO] console - worker (16295) is running
[2017-05-04 22:22:25.421] [INFO] console -  Fork 4 worker(s) from master
[2017-05-04 22:22:25.592] [INFO] console - worker is running on 16322 pid
[2017-05-04 22:22:25.610] [INFO] console - worker is running on 16323 pid
[2017-05-04 22:22:25.614] [INFO] console - worker is running on 16321 pid
[2017-05-04 22:22:25.625] [INFO] console - worker is running on 16324 pid
[2017-05-04 22:22:23.635] [INFO] console - worker (16307) is running
[2017-05-04 22:22:24.907] [INFO] console - worker (16316) is running
[2017-05-04 22:22:26.784] [INFO] console - worker (16334) is running
[2017-05-04 22:22:27.616] [INFO] console - worker (16340) is running
[2017-05-04 22:22:27.677] [INFO] console - worker (16339) is running
[2017-05-04 22:22:29.282] [INFO] console - worker (16349) is running
[2017-05-04 22:22:31.719] [INFO] console -  Fork 4 worker(s) from master
[2017-05-04 22:22:31.896] [INFO] console - worker is running on 16366 pid
[2017-05-04 22:22:31.947] [INFO] console - worker is running on 16367 pid
[2017-05-04 22:22:31.985] [INFO] console - worker is running on 16368 pid
[2017-05-04 22:22:30.435] [INFO] console - worker (16356) is running
[2017-05-04 22:22:30.460] [INFO] console - worker (16357) is running
[2017-05-04 22:22:30.484] [INFO] console - worker (16358) is running
[2017-05-04 22:22:32.672] [INFO] console -  Fork 4 worker(s) from master
[2017-05-04 22:22:33.248] [INFO] console - worker (16383) is running
[2017-05-04 22:22:33.276] [INFO] console - worker (16384) is running
[2017-05-04 22:22:33.320] [INFO] console - worker (16382) is running
[2017-05-04 22:22:36.038] [INFO] console - worker (16399) is running
[2017-05-04 22:22:36.035] [INFO] console - worker (16400) is running
[2017-05-04 22:22:36.031] [INFO] console - worker (16401) is running
[2017-05-04 22:22:37.997] [INFO] console -  Fork 4 worker(s) from master
[2017-05-04 22:22:38.203] [INFO] console - worker is running on 16416 pid
[2017-05-04 22:22:38.205] [INFO] console - worker is running on 16417 pid
[2017-05-04 22:22:38.205] [INFO] console - worker is running on 16418 pid
[2017-05-04 22:22:37.420] [INFO] console - worker (16410) is running
[2017-05-04 22:22:39.846] [INFO] console -  Fork 4 worker(s) from master
[2017-05-04 22:22:39.972] [INFO] console - worker is running on 16434 pid
[2017-05-04 22:22:39.998] [INFO] console - worker is running on 16436 pid
[2017-05-04 22:22:39.999] [INFO] console - worker is running on 16435 pid
[2017-05-04 22:22:40.022] [INFO] console - worker is running on 16437 pid
[2017-05-04 22:22:39.181] [INFO] console - worker (16428) is running
[2017-05-04 22:22:39.198] [INFO] console - worker (16427) is running
[2017-05-04 22:22:41.029] [INFO] console - worker (16445) is running
[2017-05-04 22:22:42.253] [INFO] console - worker (16454) is running
[2017-05-04 22:22:42.291] [INFO] console - worker (16452) is running
[2017-05-04 22:22:42.298] [INFO] console - worker (16453) is running
[2017-05-04 22:22:44.544] [INFO] console -  Fork 4 worker(s) from master
[2017-05-04 22:22:42.972] [INFO] console - worker (16457) is running
[2017-05-04 22:22:47.003] [INFO] console -  Fork 4 worker(s) from master
[2017-05-04 22:22:47.167] [INFO] console - worker is running on 16491 pid
[2017-05-04 22:22:47.191] [INFO] console - worker is running on 16489 pid
[2017-05-04 22:22:47.192] [INFO] console - worker is running on 16490 pid
[2017-05-04 22:22:47.197] [INFO] console - worker is running on 16492 pid
[2017-05-04 22:22:47.888] [INFO] console -  Fork 4 worker(s) from master
[2017-05-04 22:22:46.309] [INFO] console - worker (16483) is running
[2017-05-04 22:22:46.334] [INFO] console - worker (16485) is running
[2017-05-04 22:22:46.316] [INFO] console - worker (16484) is running
[2017-05-04 22:22:46.330] [INFO] console - worker (16482) is running
[2017-05-04 22:22:49.034] [INFO] console - worker (16511) is running
[2017-05-04 22:22:50.086] [INFO] console - worker (16517) is running
[2017-05-04 22:22:50.087] [INFO] console - worker (16518) is running
[2017-05-04 22:22:50.099] [INFO] console - worker (16516) is running
[2017-05-04 22:22:54.262] [INFO] console -  Fork 4 worker(s) from master
[2017-05-04 22:22:52.934] [INFO] console - worker (16531) is running
[2017-05-04 22:22:52.897] [INFO] console - worker (16532) is running
[2017-05-04 22:22:55.628] [INFO] console - worker (16561) is running
[2017-05-04 22:22:56.472] [INFO] console - worker (16566) is running
[2017-05-04 22:22:57.367] [INFO] console - worker (16572) is running
[2017-05-04 22:22:57.394] [INFO] console - worker (16571) is running
[2017-05-04 22:22:59.176] [INFO] console - worker (16582) is running
[2017-05-04 22:22:59.244] [INFO] console - worker (16581) is running
[2017-05-04 22:23:00.610] [INFO] console - worker (16589) is running
[2017-05-04 22:23:03.630] [INFO] console -  Fork 4 worker(s) from master
[2017-05-04 22:23:03.877] [INFO] console - worker is running on 16608 pid
[2017-05-04 22:23:03.913] [INFO] console - worker is running on 16609 pid
[2017-05-04 22:23:01.905] [INFO] console - worker (16596) is running
[2017-05-04 22:23:01.913] [INFO] console - worker (16597) is running
[2017-05-04 22:23:02.698] [INFO] console - worker (16600) is running
[2017-05-04 22:23:06.454] [INFO] console - worker (16627) is running
[2017-05-04 22:23:07.380] [INFO] console - worker (16634) is running
[2017-05-04 22:23:09.268] [INFO] console - worker (16649) is running
[2017-05-04 22:23:09.261] [INFO] console - worker (16650) is running
[2017-05-04 22:23:10.307] [INFO] console - worker (16658) is running
[2017-05-04 22:23:11.835] [INFO] console - worker (16665) is running
[2017-05-04 22:23:11.845] [INFO] console - worker (16667) is running
[2017-05-04 22:23:11.878] [INFO] console - worker (16666) is running
[2017-05-04 22:23:13.601] [INFO] console - worker (16676) is running
[2017-05-04 22:23:14.691] [INFO] console - worker (16683) is running
[2017-05-04 22:23:14.688] [INFO] console - worker (16684) is running
[2017-05-04 22:23:17.202] [INFO] console -  Fork 4 worker(s) from master
[2017-05-04 22:23:17.336] [INFO] console - worker is running on 16702 pid
[2017-05-04 22:23:17.350] [INFO] console - worker is running on 16700 pid
[2017-05-04 22:23:17.361] [INFO] console - worker is running on 16701 pid
[2017-05-04 22:23:17.365] [INFO] console - worker is running on 16703 pid
[2017-05-04 22:23:15.843] [INFO] console - worker (16693) is running
[2017-05-04 22:23:15.858] [INFO] console - worker (16692) is running
[2017-05-04 22:23:18.669] [INFO] console - worker (16715) is running
[2017-05-04 22:23:19.686] [INFO] console - worker (16721) is running
[2017-05-04 22:23:19.660] [INFO] console - worker (16720) is running
[2017-05-04 22:23:20.237] [INFO] console - worker (16727) is running
[2017-05-04 22:23:21.243] [INFO] console - worker (16734) is running
[2017-05-04 22:23:25.571] [INFO] console -  Fork 4 worker(s) from master
[2017-05-04 22:23:25.715] [INFO] console - worker is running on 16768 pid
[2017-05-04 22:23:25.759] [INFO] console - worker is running on 16769 pid
[2017-05-04 22:23:25.763] [INFO] console - worker is running on 16770 pid
[2017-05-04 22:23:25.766] [INFO] console - worker is running on 16771 pid
[2017-05-04 22:23:24.442] [INFO] console - worker (16760) is running
[2017-05-04 22:23:24.425] [INFO] console - worker (16758) is running
[2017-05-04 22:23:24.453] [INFO] console - worker (16759) is running
[2017-05-04 22:23:27.641] [INFO] console -  Fork 4 worker(s) from master
[2017-05-04 22:23:27.161] [INFO] console - worker (16783) is running
[2017-05-04 22:23:28.886] [INFO] console - worker (16801) is running
[2017-05-04 22:23:28.834] [INFO] console - worker (16800) is running
[2017-05-04 22:23:28.917] [INFO] console - worker (16802) is running
[2017-05-04 22:23:31.610] [INFO] console - worker (16820) is running
[2017-05-04 22:23:33.347] [INFO] console -  Fork 4 worker(s) from master
[2017-05-04 22:23:33.538] [INFO] console - worker is running on 16829 pid
[2017-05-04 22:23:33.539] [INFO] console - worker is running on 16830 pid
[2017-05-04 22:23:33.540] [INFO] console - worker is running on 16831 pid
[2017-05-04 22:23:31.738] [INFO] console - worker (16819) is running
[2017-05-04 22:23:32.535] [INFO] console - worker (16825) is running
[2017-05-04 22:23:34.567] [INFO] console -  Fork 4 worker(s) from master
[2017-05-04 22:23:34.736] [INFO] console - worker is running on 16840 pid
[2017-05-04 22:23:34.740] [INFO] console - worker is running on 16841 pid
[2017-05-04 22:23:34.107] [INFO] console - worker (16833) is running
[2017-05-04 22:23:36.308] [INFO] console -  Fork 4 worker(s) from master
[2017-05-04 22:23:36.892] [INFO] console - worker (16859) is running
[2017-05-04 22:23:36.828] [INFO] console - worker (16860) is running
[2017-05-04 22:23:36.903] [INFO] console - worker (16861) is running
[2017-05-04 22:23:39.902] [INFO] console - worker (16885) is running
[2017-05-04 22:23:39.929] [INFO] console - worker (16886) is running
[2017-05-04 22:23:39.868] [INFO] console - worker (16884) is running
[2017-05-04 22:23:39.880] [INFO] console - worker (16887) is running
[2017-05-04 22:23:41.782] [INFO] console - worker (16900) is running
[2017-05-04 22:23:43.069] [INFO] console - worker (16907) is running
[2017-05-04 22:23:43.087] [INFO] console - worker (16909) is running
[2017-05-04 22:23:43.074] [INFO] console - worker (16908) is running
[2017-05-04 22:23:43.807] [INFO] console - worker (16912) is running
[2017-05-04 22:23:43.817] [INFO] console - worker (16913) is running
[2017-05-04 22:23:45.785] [INFO] console - worker (16925) is running
[2017-05-04 22:23:47.875] [INFO] console -  Fork 4 worker(s) from master
[2017-05-04 22:23:47.985] [INFO] console - worker is running on 16940 pid
[2017-05-04 22:23:47.999] [INFO] console - worker is running on 16941 pid
[2017-05-04 22:23:48.021] [INFO] console - worker is running on 16943 pid
[2017-05-04 22:23:48.029] [INFO] console - worker is running on 16942 pid
[2017-05-04 22:23:47.028] [INFO] console - worker (16933) is running
[2017-05-04 22:23:49.233] [INFO] console - worker (16954) is running
[2017-05-04 22:23:51.322] [INFO] console -  Fork 4 worker(s) from master
[2017-05-04 22:23:51.457] [INFO] console - worker is running on 16971 pid
[2017-05-04 22:23:51.480] [INFO] console - worker is running on 16968 pid
[2017-05-04 22:23:50.043] [INFO] console - worker (16959) is running
[2017-05-04 22:23:52.515] [INFO] console - worker (16981) is running
[2017-05-04 22:23:52.487] [INFO] console - worker (16982) is running
[2017-05-04 22:23:54.455] [INFO] console - worker (17000) is running
[2017-05-04 22:23:57.280] [INFO] console -  Fork 4 worker(s) from master
[2017-05-04 22:23:57.467] [INFO] console - worker is running on 17017 pid
[2017-05-04 22:23:57.469] [INFO] console - worker is running on 17019 pid
[2017-05-04 22:23:57.470] [INFO] console - worker is running on 17018 pid
[2017-05-04 22:23:57.471] [INFO] console - worker is running on 17020 pid
[2017-05-04 22:23:55.884] [INFO] console - worker (17007) is running
[2017-05-04 22:23:55.878] [INFO] console - worker (17008) is running
[2017-05-04 22:23:56.694] [INFO] console - worker (17013) is running
[2017-05-04 22:23:59.610] [INFO] console -  Fork 4 worker(s) from master
[2017-05-04 22:23:59.739] [INFO] console - worker is running on 17039 pid
[2017-05-04 22:23:59.752] [INFO] console - worker is running on 17040 pid
[2017-05-04 22:23:59.761] [INFO] console - worker is running on 17041 pid
[2017-05-04 22:23:59.795] [INFO] console - worker is running on 17042 pid
[2017-05-04 22:23:58.618] [INFO] console - worker (17032) is running
[2017-05-04 22:24:02.752] [INFO] console -  Fork 4 worker(s) from master
[2017-05-04 22:24:01.018] [INFO] console - worker (17053) is running
[2017-05-04 22:24:00.982] [INFO] console - worker (17052) is running
[2017-05-04 22:24:01.710] [INFO] console - worker (17058) is running
[2017-05-04 22:24:03.812] [INFO] console - worker (17072) is running
[2017-05-04 22:24:07.682] [INFO] console -  Fork 4 worker(s) from master
[2017-05-04 22:24:07.878] [INFO] console - worker is running on 17097 pid
[2017-05-04 22:24:07.890] [INFO] console - worker is running on 17098 pid
[2017-05-04 22:24:08.989] [INFO] console -  Fork 4 worker(s) from master
[2017-05-04 22:24:09.109] [INFO] console - worker is running on 17110 pid
[2017-05-04 22:24:09.127] [INFO] console - worker is running on 17111 pid
[2017-05-04 22:24:09.128] [INFO] console - worker is running on 17112 pid
[2017-05-04 22:24:08.962] [INFO] console - worker (17108) is running
[2017-05-04 22:24:10.090] [INFO] console - worker (17122) is running
[2017-05-04 22:24:10.082] [INFO] console - worker (17121) is running
[2017-05-04 22:24:13.444] [INFO] console -  Fork 4 worker(s) from master
[2017-05-04 22:24:11.625] [INFO] console - worker (17131) is running
[2017-05-04 22:24:13.667] [INFO] console - worker is running on 17145 pid
[2017-05-04 22:24:12.108] [INFO] console - worker (17134) is running
[2017-05-04 22:24:12.707] [INFO] console - worker (17138) is running
[2017-05-04 22:24:12.722] [INFO] console - worker (17137) is running
[2017-05-04 22:24:15.520] [INFO] console -  Fork 4 worker(s) from master
[2017-05-04 22:24:16.800] [INFO] console -  Fork 4 worker(s) from master
[2017-05-04 22:24:15.462] [INFO] console - worker (17161) is running
[2017-05-04 22:24:15.448] [INFO] console - worker (17159) is running
[2017-05-04 22:24:15.466] [INFO] console - worker (17160) is running
[2017-05-04 22:24:18.014] [INFO] console -  Fork 4 worker(s) from master
[2017-05-04 22:24:19.732] [INFO] console -  Fork 4 worker(s) from master
[2017-05-04 22:24:20.665] [INFO] console -  Fork 4 worker(s) from master
[2017-05-04 22:24:20.836] [INFO] console - worker is running on 17218 pid
[2017-05-04 22:24:20.839] [INFO] console - worker is running on 17219 pid
[2017-05-04 22:24:20.839] [INFO] console - worker is running on 17220 pid
[2017-05-04 22:24:20.862] [INFO] console - worker is running on 17221 pid
[2017-05-04 22:24:18.959] [INFO] console - worker (17200) is running
[2017-05-04 22:24:18.971] [INFO] console - worker (17202) is running
[2017-05-04 22:24:18.967] [INFO] console - worker (17201) is running
[2017-05-04 22:24:22.641] [INFO] console -  Fork 4 worker(s) from master
[2017-05-04 22:24:22.789] [INFO] console - worker is running on 17241 pid
[2017-05-04 22:24:22.803] [INFO] console - worker is running on 17240 pid
[2017-05-04 22:24:22.809] [INFO] console - worker is running on 17242 pid
[2017-05-04 22:24:22.814] [INFO] console - worker is running on 17243 pid
[2017-05-04 22:24:22.104] [INFO] console - worker (17233) is running
[2017-05-04 22:24:22.066] [INFO] console - worker (17234) is running
[2017-05-04 22:24:24.260] [INFO] console -  Fork 4 worker(s) from master
[2017-05-04 22:24:24.377] [INFO] console - worker is running on 17257 pid
[2017-05-04 22:24:24.388] [INFO] console - worker is running on 17258 pid
[2017-05-04 22:24:24.399] [INFO] console - worker is running on 17259 pid
[2017-05-04 22:24:24.401] [INFO] console - worker is running on 17260 pid
[2017-05-04 22:24:23.748] [INFO] console - worker (17251) is running
[2017-05-04 22:24:25.532] [INFO] console - worker (17269) is running
[2017-05-04 22:24:25.520] [INFO] console - worker (17268) is running
[2017-05-04 22:24:25.536] [INFO] console - worker (17270) is running
[2017-05-04 22:24:25.564] [INFO] console - worker (17271) is running
[2017-05-04 22:24:27.322] [INFO] console -  Fork 4 worker(s) from master
[2017-05-04 22:24:27.443] [INFO] console - worker is running on 17284 pid
[2017-05-04 22:24:27.459] [INFO] console - worker is running on 17285 pid
[2017-05-04 22:24:27.471] [INFO] console - worker is running on 17286 pid
[2017-05-04 22:24:27.473] [INFO] console - worker is running on 17287 pid
[2017-05-04 22:24:27.932] [INFO] console -  Fork 4 worker(s) from master
[2017-05-04 22:24:29.144] [INFO] console -  Fork 4 worker(s) from master
[2017-05-04 22:24:29.345] [INFO] console - worker is running on 17307 pid
[2017-05-04 22:24:29.347] [INFO] console - worker is running on 17308 pid
[2017-05-04 22:24:29.347] [INFO] console - worker is running on 17309 pid
[2017-05-04 22:24:29.393] [INFO] console - worker is running on 17310 pid
[2017-05-04 22:24:28.375] [INFO] console - worker (17297) is running
[2017-05-04 22:24:28.394] [INFO] console - worker (17296) is running
[2017-05-04 22:24:28.564] [INFO] console - worker (17299) is running
[2017-05-04 22:24:31.014] [INFO] console - worker (17322) is running
[2017-05-04 22:24:32.885] [INFO] console -  Fork 4 worker(s) from master
[2017-05-04 22:24:31.077] [INFO] console - worker (17324) is running
[2017-05-04 22:24:31.020] [INFO] console - worker (17323) is running
[2017-05-04 22:24:31.988] [INFO] console - worker (17330) is running
[2017-05-04 22:24:44.006] [INFO] console -  Fork 4 worker(s) from master
[2017-05-04 22:24:44.125] [INFO] console - worker is running on 17360 pid
[2017-05-04 22:24:44.140] [INFO] console - worker is running on 17361 pid
[2017-05-04 22:24:44.214] [INFO] console - worker is running on 17362 pid
[2017-05-04 22:24:44.255] [INFO] console - worker is running on 17363 pid
[2017-05-04 22:24:44.416] [INFO] console - worker (17361) is running
[2017-05-04 22:24:44.401] [INFO] console - worker (17360) is running
[2017-05-04 22:24:45.759] [INFO] console - Running app as a module
[2017-05-04 22:24:45.786] [INFO] server - 服务器端口：3002
[2017-05-04 22:24:45.773] [INFO] console - Running app as a module
[2017-05-04 22:24:45.816] [INFO] server - 服务器端口：3002
[2017-05-04 22:24:44.456] [INFO] console - worker (17362) is running
[2017-05-04 22:24:45.875] [INFO] console - Running app as a module
[2017-05-04 22:24:45.928] [INFO] server - 服务器端口：3002
[2017-05-04 22:24:44.544] [INFO] console - worker (17363) is running
[2017-05-04 22:24:45.958] [INFO] console - Running app as a module
[2017-05-04 22:24:45.978] [INFO] server - 服务器端口：3002
[2017-05-04 22:24:46.472] [INFO] MongoseIniter - MongoDB open
[2017-05-04 22:24:46.481] [INFO] MongoseIniter - MongoDB open
[2017-05-04 22:24:46.929] [INFO] MongoseIniter - MongoDB open
[2017-05-04 22:24:48.058] [ERROR] MongoseIniter - { MongoError: connection 0 to 120.25.217.56:27017 timed out
    at Function.MongoError.create (/Users/jsen/Documents/Projects/WebstormProjects/MicroServer/Note/node_modules/._mongodb-core@2.1.9@mongodb-core/lib/error.js:29:11)
    at Socket.<anonymous> (/Users/jsen/Documents/Projects/WebstormProjects/MicroServer/Note/node_modules/._mongodb-core@2.1.9@mongodb-core/lib/connection/connection.js:188:20)
    at Object.onceWrapper (events.js:293:19)
    at emitNone (events.js:86:13)
    at Socket.emit (events.js:188:7)
    at Socket._onTimeout (net.js:351:8)
    at ontimeout (timers.js:386:14)
    at tryOnTimeout (timers.js:250:5)
    at Timer.listOnTimeout (timers.js:214:5)
  name: 'MongoError',
  message: 'connection 0 to 120.25.217.56:27017 timed out' }
[2017-05-04 22:27:47.366] [INFO] console -  Fork 4 worker(s) from master
[2017-05-04 22:27:47.498] [INFO] console - worker is running on 17442 pid
[2017-05-04 22:27:47.502] [INFO] console - worker is running on 17443 pid
[2017-05-04 22:27:47.514] [INFO] console - worker is running on 17445 pid
[2017-05-04 22:27:47.519] [INFO] console - worker is running on 17444 pid
[2017-05-04 22:27:47.740] [INFO] console - worker (17445) is running
[2017-05-04 22:27:48.946] [INFO] console - Running app as a module
[2017-05-04 22:27:48.961] [INFO] server - 服务器端口：3002
[2017-05-04 22:27:47.707] [INFO] console - worker (17442) is running
[2017-05-04 22:27:47.735] [INFO] console - worker (17443) is running
[2017-05-04 22:27:49.032] [INFO] console - Running app as a module
[2017-05-04 22:27:49.060] [INFO] server - 服务器端口：3002
[2017-05-04 22:27:49.044] [INFO] console - Running app as a module
[2017-05-04 22:27:49.061] [INFO] server - 服务器端口：3002
[2017-05-04 22:27:47.748] [INFO] console - worker (17444) is running
[2017-05-04 22:27:49.097] [INFO] console - Running app as a module
[2017-05-04 22:27:49.109] [INFO] server - 服务器端口：3002
[2017-05-04 22:27:49.902] [INFO] MongoseIniter - MongoDB open
[2017-05-04 22:27:49.928] [INFO] MongoseIniter - MongoDB open
[2017-05-04 22:27:49.941] [INFO] MongoseIniter - MongoDB open
[2017-05-04 22:27:49.987] [INFO] MongoseIniter - MongoDB open
